<?xml version="1.0" encoding="UTF-8"?>
<testsuite name="Test-Resources-Create"
           tests="1"
           failures="1"
           errors="0"
           skipped="0"
           time="108.309">
  <properties />
            <testcase name="TestDeleteResource" time="108.309" classname="roomManager.test.admin.DeleteResource">
                <failure type="org.openqa.selenium.TimeoutException"
                  message="Timed out after 100 seconds waiting for presence of element located by: By.xpath: //div[3]/div[2]/button
Build info: version: &apos;2.45.0&apos;, revision: &apos;5017cb8&apos;, time: &apos;2015-02-26 23:59:50&apos;
System info: host: &apos;CUITPO2001&apos;, ip: &apos;172.20.200.241&apos;, os.name: &apos;Windows Server 2012 R2&apos;, os.arch: &apos;amd64&apos;, os.version: &apos;6.3&apos;, java.version: &apos;1.7.0_80-ea&apos;
Session ID: f94464fe393c90d737c329a559854305
Driver info: org.openqa.selenium.chrome.ChromeDriver
Capabilities [{platform=WIN8_1, acceptSslCerts=true, javascriptEnabled=true, browserName=chrome, chrome={userDataDir=C:\Users\ADMINI~1\AppData\Local\Temp\2\scoped_dir5920_4941}, rotatable=false, locationContextEnabled=true, mobileEmulationEnabled=false, version=40.0.2214.111, takesHeapSnapshot=true, cssSelectorsEnabled=true, databaseEnabled=false, handlesAlerts=true, browserConnectionEnabled=false, webStorageEnabled=true, nativeEvents=true, applicationCacheEnabled=false, takesScreenshot=true}]"
              >
<![CDATA[org.openqa.selenium.TimeoutException: Timed out after 100 seconds waiting for presence of element located by: By.xpath: //div[3]/div[2]/button
Build info: version: '2.45.0', revision: '5017cb8', time: '2015-02-26 23:59:50'
System info: host: 'CUITPO2001', ip: '172.20.200.241', os.name: 'Windows Server 2012 R2', os.arch: 'amd64', os.version: '6.3', java.version: '1.7.0_80-ea'
Session ID: f94464fe393c90d737c329a559854305
Driver info: org.openqa.selenium.chrome.ChromeDriver
Capabilities [{platform=WIN8_1, acceptSslCerts=true, javascriptEnabled=true, browserName=chrome, chrome={userDataDir=C:\Users\ADMINI~1\AppData\Local\Temp\2\scoped_dir5920_4941}, rotatable=false, locationContextEnabled=true, mobileEmulationEnabled=false, version=40.0.2214.111, takesHeapSnapshot=true, cssSelectorsEnabled=true, databaseEnabled=false, handlesAlerts=true, browserConnectionEnabled=false, webStorageEnabled=true, nativeEvents=true, applicationCacheEnabled=false, takesScreenshot=true}]
  org.openqa.selenium.support.ui.WebDriverWait.timeoutException(WebDriverWait.java:79)
  org.openqa.selenium.support.ui.FluentWait.until(FluentWait.java:228)
  roomManager.pages.admin.resources.ResourcesPage.clickTableElementCheckBox(ResourcesPage.java:53)
  roomManager.test.admin.DeleteResource.TestDeleteResource(DeleteResource.java:46)
  sun.reflect.NativeMethodAccessorImpl.invoke0(Native Method)
  sun.reflect.NativeMethodAccessorImpl.invoke(Unknown Source)
  sun.reflect.DelegatingMethodAccessorImpl.invoke(Unknown Source)
  java.lang.reflect.Method.invoke(Unknown Source)
  org.testng.internal.MethodInvocationHelper.invokeMethod(MethodInvocationHelper.java:85)
  org.testng.internal.Invoker.invokeMethod(Invoker.java:648)
  org.testng.internal.Invoker.invokeTestMethod(Invoker.java:834)
  org.testng.internal.Invoker.invokeTestMethods(Invoker.java:1142)
  org.testng.internal.TestMethodWorker.invokeTestMethods(TestMethodWorker.java:124)
  org.testng.internal.TestMethodWorker.run(TestMethodWorker.java:108)
  org.testng.TestRunner.privateRun(TestRunner.java:771)
  org.testng.TestRunner.run(TestRunner.java:621)
  org.testng.SuiteRunner.runTest(SuiteRunner.java:357)
  org.testng.SuiteRunner.runSequentially(SuiteRunner.java:352)
  org.testng.SuiteRunner.privateRun(SuiteRunner.java:310)
  org.testng.SuiteRunner.run(SuiteRunner.java:259)
  org.testng.SuiteRunnerWorker.runSuite(SuiteRunnerWorker.java:52)
  org.testng.SuiteRunnerWorker.run(SuiteRunnerWorker.java:86)
  org.testng.TestNG.runSuitesSequentially(TestNG.java:1176)
  org.testng.TestNG.runSuitesLocally(TestNG.java:1101)
  org.testng.TestNG.run(TestNG.java:1009)
  org.testng.remote.RemoteTestNG.run(RemoteTestNG.java:111)
  org.testng.remote.RemoteTestNG.initAndRun(RemoteTestNG.java:204)
  org.testng.remote.RemoteTestNG.main(RemoteTestNG.java:175)
Caused by: org.openqa.selenium.NoSuchElementException: no such element
  (Session info: chrome=40.0.2214.111)
  (Driver info: chromedriver=2.14.313457 (3d645c400edf2e2c500566c9aa096063e707c9cf),platform=Windows NT 6.3 x86_64) (WARNING: The server did not provide any stacktrace information)
Command duration or timeout: 0 milliseconds
For documentation on this error, please visit: http://seleniumhq.org/exceptions/no_such_element.html
Build info: version: '2.45.0', revision: '5017cb8', time: '2015-02-26 23:59:50'
System info: host: 'CUITPO2001', ip: '172.20.200.241', os.name: 'Windows Server 2012 R2', os.arch: 'amd64', os.version: '6.3', java.version: '1.7.0_80-ea'
*** Element info: {Using=xpath, value=//div[3]/div[2]/button}
Session ID: f94464fe393c90d737c329a559854305
Driver info: org.openqa.selenium.chrome.ChromeDriver
Capabilities [{platform=WIN8_1, acceptSslCerts=true, javascriptEnabled=true, browserName=chrome, chrome={userDataDir=C:\Users\ADMINI~1\AppData\Local\Temp\2\scoped_dir5920_4941}, rotatable=false, locationContextEnabled=true, mobileEmulationEnabled=false, version=40.0.2214.111, takesHeapSnapshot=true, cssSelectorsEnabled=true, databaseEnabled=false, handlesAlerts=true, browserConnectionEnabled=false, webStorageEnabled=true, nativeEvents=true, applicationCacheEnabled=false, takesScreenshot=true}]
  sun.reflect.GeneratedConstructorAccessor15.newInstance(Unknown Source)
  sun.reflect.DelegatingConstructorAccessorImpl.newInstance(Unknown Source)
  java.lang.reflect.Constructor.newInstance(Unknown Source)
  org.openqa.selenium.remote.ErrorHandler.createThrowable(ErrorHandler.java:204)
  org.openqa.selenium.remote.ErrorHandler.throwIfResponseFailed(ErrorHandler.java:156)
  org.openqa.selenium.remote.RemoteWebDriver.execute(RemoteWebDriver.java:599)
  org.openqa.selenium.remote.RemoteWebDriver.findElement(RemoteWebDriver.java:352)
  org.openqa.selenium.remote.RemoteWebDriver.findElementByXPath(RemoteWebDriver.java:449)
  org.openqa.selenium.By$ByXPath.findElement(By.java:357)
  org.openqa.selenium.remote.RemoteWebDriver.findElement(RemoteWebDriver.java:344)
  org.openqa.selenium.support.ui.ExpectedConditions.findElement(ExpectedConditions.java:730)
  org.openqa.selenium.support.ui.ExpectedConditions.access$0(ExpectedConditions.java:728)
  org.openqa.selenium.support.ui.ExpectedConditions$3.apply(ExpectedConditions.java:106)
  org.openqa.selenium.support.ui.ExpectedConditions$3.apply(ExpectedConditions.java:1)
  org.openqa.selenium.support.ui.FluentWait.until(FluentWait.java:208)
  roomManager.pages.admin.resources.ResourcesPage.clickTableElementCheckBox(ResourcesPage.java:53)
  roomManager.test.admin.DeleteResource.TestDeleteResource(DeleteResource.java:46)
  sun.reflect.NativeMethodAccessorImpl.invoke0(Native Method)
  sun.reflect.NativeMethodAccessorImpl.invoke(Unknown Source)
  sun.reflect.DelegatingMethodAccessorImpl.invoke(Unknown Source)
  java.lang.reflect.Method.invoke(Unknown Source)
  org.testng.internal.MethodInvocationHelper.invokeMethod(MethodInvocationHelper.java:85)
  org.testng.internal.Invoker.invokeMethod(Invoker.java:648)
  org.testng.internal.Invoker.invokeTestMethod(Invoker.java:834)
  org.testng.internal.Invoker.invokeTestMethods(Invoker.java:1142)
  org.testng.internal.TestMethodWorker.invokeTestMethods(TestMethodWorker.java:124)
  org.testng.internal.TestMethodWorker.run(TestMethodWorker.java:108)
  org.testng.TestRunner.privateRun(TestRunner.java:771)
  org.testng.TestRunner.run(TestRunner.java:621)
  org.testng.SuiteRunner.runTest(SuiteRunner.java:357)
  org.testng.SuiteRunner.runSequentially(SuiteRunner.java:352)
  org.testng.SuiteRunner.privateRun(SuiteRunner.java:310)
  org.testng.SuiteRunner.run(SuiteRunner.java:259)
  org.testng.SuiteRunnerWorker.runSuite(SuiteRunnerWorker.java:52)
  org.testng.SuiteRunnerWorker.run(SuiteRunnerWorker.java:86)
  org.testng.TestNG.runSuitesSequentially(TestNG.java:1176)
  org.testng.TestNG.runSuitesLocally(TestNG.java:1101)
  org.testng.TestNG.run(TestNG.java:1009)
  org.testng.remote.RemoteTestNG.run(RemoteTestNG.java:111)
  org.testng.remote.RemoteTestNG.initAndRun(RemoteTestNG.java:204)
  org.testng.remote.RemoteTestNG.main(RemoteTestNG.java:175)
]]>
      </failure>

          </testcase>
  
  
  
</testsuite>
